mode: atomic
github.com/getlantern/flashlight/balancer/balancer.go:65.32,88.35 5 14
github.com/getlantern/flashlight/balancer/balancer.go:91.2,91.35 1 14
github.com/getlantern/flashlight/balancer/balancer.go:95.2,99.10 5 14
github.com/getlantern/flashlight/balancer/balancer.go:88.35,90.3 1 13
github.com/getlantern/flashlight/balancer/balancer.go:91.35,93.3 1 13
github.com/getlantern/flashlight/balancer/balancer.go:102.47,106.38 4 20
github.com/getlantern/flashlight/balancer/balancer.go:113.2,113.11 1 20
github.com/getlantern/flashlight/balancer/balancer.go:106.38,107.21 1 28
github.com/getlantern/flashlight/balancer/balancer.go:111.3,111.21 1 4
github.com/getlantern/flashlight/balancer/balancer.go:107.21,109.12 2 24
github.com/getlantern/flashlight/balancer/balancer.go:117.46,124.28 6 16
github.com/getlantern/flashlight/balancer/balancer.go:144.2,149.31 6 16
github.com/getlantern/flashlight/balancer/balancer.go:152.2,152.18 1 16
github.com/getlantern/flashlight/balancer/balancer.go:124.28,126.33 2 22
github.com/getlantern/flashlight/balancer/balancer.go:137.3,140.17 3 22
github.com/getlantern/flashlight/balancer/balancer.go:126.33,127.27 1 3
github.com/getlantern/flashlight/balancer/balancer.go:127.27,134.10 6 1
github.com/getlantern/flashlight/balancer/balancer.go:140.17,142.4 1 3
github.com/getlantern/flashlight/balancer/balancer.go:149.31,151.3 1 2
github.com/getlantern/flashlight/balancer/balancer.go:155.35,156.9 1 25
github.com/getlantern/flashlight/balancer/balancer.go:157.2,158.30 1 23
github.com/getlantern/flashlight/balancer/balancer.go:159.2,159.10 0 2
github.com/getlantern/flashlight/balancer/balancer.go:165.49,169.2 3 1
github.com/getlantern/flashlight/balancer/balancer.go:178.65,183.50 3 3015
github.com/getlantern/flashlight/balancer/balancer.go:187.2,188.36 2 3015
github.com/getlantern/flashlight/balancer/balancer.go:210.2,210.103 1 3
github.com/getlantern/flashlight/balancer/balancer.go:183.50,185.3 1 4
github.com/getlantern/flashlight/balancer/balancer.go:188.36,190.21 2 3025
github.com/getlantern/flashlight/balancer/balancer.go:193.3,193.22 1 3021
github.com/getlantern/flashlight/balancer/balancer.go:197.3,201.17 4 3017
github.com/getlantern/flashlight/balancer/balancer.go:207.3,208.19 2 3008
github.com/getlantern/flashlight/balancer/balancer.go:190.21,192.4 1 4
github.com/getlantern/flashlight/balancer/balancer.go:193.22,195.12 2 4
github.com/getlantern/flashlight/balancer/balancer.go:201.17,203.12 2 9
github.com/getlantern/flashlight/balancer/balancer.go:213.87,221.16 7 3017
github.com/getlantern/flashlight/balancer/balancer.go:229.2,229.6 1 3017
github.com/getlantern/flashlight/balancer/balancer.go:221.16,223.17 2 3017
github.com/getlantern/flashlight/balancer/balancer.go:227.3,227.17 1 3017
github.com/getlantern/flashlight/balancer/balancer.go:223.17,226.4 2 3008
github.com/getlantern/flashlight/balancer/balancer.go:229.6,230.10 1 3053
github.com/getlantern/flashlight/balancer/balancer.go:231.3,234.31 1 36
github.com/getlantern/flashlight/balancer/balancer.go:241.4,241.18 1 0
github.com/getlantern/flashlight/balancer/balancer.go:247.4,247.58 1 0
github.com/getlantern/flashlight/balancer/balancer.go:248.3,249.20 1 3017
github.com/getlantern/flashlight/balancer/balancer.go:234.31,238.13 4 36
github.com/getlantern/flashlight/balancer/balancer.go:241.18,243.20 2 0
github.com/getlantern/flashlight/balancer/balancer.go:243.20,245.6 1 0
github.com/getlantern/flashlight/balancer/balancer.go:254.26,255.6 1 14
github.com/getlantern/flashlight/balancer/balancer.go:255.6,256.10 1 14
github.com/getlantern/flashlight/balancer/balancer.go:257.3,268.41 8 3
github.com/getlantern/flashlight/balancer/balancer.go:272.4,273.10 2 3
github.com/getlantern/flashlight/balancer/balancer.go:268.41,270.5 1 7
github.com/getlantern/flashlight/balancer/balancer.go:280.28,281.9 1 4
github.com/getlantern/flashlight/balancer/balancer.go:282.2,284.14 1 3
github.com/getlantern/flashlight/balancer/balancer.go:285.2,285.10 0 1
github.com/getlantern/flashlight/balancer/balancer.go:291.33,293.6 2 14
github.com/getlantern/flashlight/balancer/balancer.go:293.6,294.10 1 34
github.com/getlantern/flashlight/balancer/balancer.go:295.3,296.10 1 3
github.com/getlantern/flashlight/balancer/balancer.go:297.3,298.20 1 20
github.com/getlantern/flashlight/balancer/balancer.go:299.3,300.20 1 0
github.com/getlantern/flashlight/balancer/balancer.go:305.35,312.6 7 20
github.com/getlantern/flashlight/balancer/balancer.go:319.2,319.78 1 20
github.com/getlantern/flashlight/balancer/balancer.go:312.6,313.31 1 48
github.com/getlantern/flashlight/balancer/balancer.go:316.3,317.31 2 28
github.com/getlantern/flashlight/balancer/balancer.go:313.31,314.9 1 20
github.com/getlantern/flashlight/balancer/balancer.go:322.33,323.9 1 20
github.com/getlantern/flashlight/balancer/balancer.go:324.2,324.30 0 20
github.com/getlantern/flashlight/balancer/balancer.go:326.2,326.10 0 0
github.com/getlantern/flashlight/balancer/balancer.go:331.66,335.17 4 3025
github.com/getlantern/flashlight/balancer/balancer.go:338.2,338.24 1 3025
github.com/getlantern/flashlight/balancer/balancer.go:345.2,347.15 3 3021
github.com/getlantern/flashlight/balancer/balancer.go:335.17,337.3 1 4
github.com/getlantern/flashlight/balancer/balancer.go:338.24,339.18 1 4
github.com/getlantern/flashlight/balancer/balancer.go:342.3,342.39 1 2
github.com/getlantern/flashlight/balancer/balancer.go:339.18,341.4 1 2
github.com/getlantern/flashlight/balancer/balancer.go:355.32,355.57 1 9191
github.com/getlantern/flashlight/balancer/balancer.go:357.37,359.2 1 6086
github.com/getlantern/flashlight/balancer/balancer.go:361.42,363.2 1 6034
github.com/getlantern/flashlight/balancer/balancer.go:365.42,367.2 1 3021
github.com/getlantern/flashlight/balancer/balancer.go:369.40,375.2 5 3057
github.com/getlantern/flashlight/balancer/balancer.go:377.51,378.30 1 1
github.com/getlantern/flashlight/balancer/balancer.go:383.2,383.8 1 1
github.com/getlantern/flashlight/balancer/balancer.go:378.30,379.25 1 1
github.com/getlantern/flashlight/balancer/balancer.go:379.25,381.4 1 1
github.com/getlantern/flashlight/balancer/checker.go:39.31,43.6 3 14
github.com/getlantern/flashlight/balancer/checker.go:43.6,44.10 1 57
github.com/getlantern/flashlight/balancer/checker.go:45.3,49.10 4 3
github.com/getlantern/flashlight/balancer/checker.go:50.3,52.37 2 23
github.com/getlantern/flashlight/balancer/checker.go:53.3,62.35 6 20
github.com/getlantern/flashlight/balancer/checker.go:69.4,72.42 3 20
github.com/getlantern/flashlight/balancer/checker.go:75.4,77.20 3 20
github.com/getlantern/flashlight/balancer/checker.go:62.35,64.19 2 4
github.com/getlantern/flashlight/balancer/checker.go:64.19,67.6 2 4
github.com/getlantern/flashlight/balancer/checker.go:72.42,74.5 1 4
github.com/getlantern/flashlight/balancer/checker.go:82.64,83.34 1 4
github.com/getlantern/flashlight/balancer/checker.go:83.34,87.3 2 4
github.com/getlantern/flashlight/balancer/checker.go:87.3,88.32 1 0
github.com/getlantern/flashlight/balancer/checker.go:92.3,95.25 2 0
github.com/getlantern/flashlight/balancer/checker.go:88.32,91.4 1 0
github.com/getlantern/flashlight/balancer/checker.go:99.71,100.58 1 4
github.com/getlantern/flashlight/balancer/checker.go:103.2,103.8 1 4
github.com/getlantern/flashlight/balancer/checker.go:125.2,125.11 1 4
github.com/getlantern/flashlight/balancer/checker.go:100.58,102.3 1 0
github.com/getlantern/flashlight/balancer/checker.go:103.8,106.21 3 4
github.com/getlantern/flashlight/balancer/checker.go:119.3,120.73 2 4
github.com/getlantern/flashlight/balancer/checker.go:106.21,108.21 2 3
github.com/getlantern/flashlight/balancer/checker.go:108.21,113.5 2 0
github.com/getlantern/flashlight/balancer/checker.go:113.5,113.37 1 3
github.com/getlantern/flashlight/balancer/checker.go:113.37,117.5 1 0
github.com/getlantern/flashlight/balancer/checker.go:121.3,123.3 1 0
github.com/getlantern/flashlight/balancer/checker.go:130.34,132.14 2 4
github.com/getlantern/flashlight/balancer/checker.go:136.2,136.19 1 3
github.com/getlantern/flashlight/balancer/checker.go:140.2,140.41 1 1
github.com/getlantern/flashlight/balancer/checker.go:146.2,146.62 1 1
github.com/getlantern/flashlight/balancer/checker.go:132.14,135.3 2 1
github.com/getlantern/flashlight/balancer/checker.go:136.19,139.3 2 2
github.com/getlantern/flashlight/balancer/checker.go:140.41,141.33 1 3
github.com/getlantern/flashlight/balancer/checker.go:141.33,144.4 2 0
github.com/getlantern/flashlight/balancer/checker.go:150.47,152.2 1 20
github.com/getlantern/flashlight/balancer/checker.go:160.28,170.2 6 1
github.com/getlantern/flashlight/balancer/checker.go:172.35,176.2 3 5
github.com/getlantern/flashlight/balancer/checker.go:178.43,182.2 3 1
github.com/getlantern/flashlight/balancer/checker.go:184.39,187.33 3 26
github.com/getlantern/flashlight/balancer/checker.go:192.2,195.44 4 26
github.com/getlantern/flashlight/balancer/checker.go:198.2,198.13 1 26
github.com/getlantern/flashlight/balancer/checker.go:187.33,188.26 1 109
github.com/getlantern/flashlight/balancer/checker.go:188.26,190.4 1 108
github.com/getlantern/flashlight/balancer/checker.go:195.44,197.3 1 108
github.com/getlantern/flashlight/balancer/checker.go:208.38,208.55 1 26
github.com/getlantern/flashlight/balancer/checker.go:209.38,209.65 1 0
github.com/getlantern/flashlight/balancer/checker.go:210.38,210.72 1 82
github.com/getlantern/flashlight/balancer/dialer.go:62.26,64.25 2 22
github.com/getlantern/flashlight/balancer/dialer.go:69.2,69.20 1 22
github.com/getlantern/flashlight/balancer/dialer.go:72.2,74.16 2 22
github.com/getlantern/flashlight/balancer/dialer.go:64.25,68.3 1 21
github.com/getlantern/flashlight/balancer/dialer.go:69.20,71.3 1 21
github.com/getlantern/flashlight/balancer/dialer.go:74.16,77.23 3 22
github.com/getlantern/flashlight/balancer/dialer.go:77.23,79.4 1 1
github.com/getlantern/flashlight/balancer/dialer.go:83.25,86.2 2 9
github.com/getlantern/flashlight/balancer/dialer.go:88.37,90.2 1 16
github.com/getlantern/flashlight/balancer/dialer.go:92.42,94.2 1 97
github.com/getlantern/flashlight/balancer/dialer.go:96.41,98.2 1 61
github.com/getlantern/flashlight/balancer/dialer.go:100.63,102.16 2 3017
github.com/getlantern/flashlight/balancer/dialer.go:107.2,107.18 1 3017
github.com/getlantern/flashlight/balancer/dialer.go:102.16,104.3 1 9
github.com/getlantern/flashlight/balancer/dialer.go:104.3,106.3 1 3008
github.com/getlantern/flashlight/balancer/dialer.go:110.32,116.16 5 3016
github.com/getlantern/flashlight/balancer/dialer.go:116.16,118.3 1 11
github.com/getlantern/flashlight/balancer/dialer.go:121.32,124.2 2 9
github.com/getlantern/flashlight/balancer/dialer.go:126.34,132.2 5 9
github.com/getlantern/flashlight/balancer/ema.go:18.72,20.2 1 45
github.com/getlantern/flashlight/balancer/ema.go:24.65,30.2 4 3012
github.com/getlantern/flashlight/balancer/ema.go:33.44,35.2 1 36
github.com/getlantern/flashlight/balancer/ema.go:38.43,40.2 1 3049
github.com/getlantern/flashlight/balancer/ema.go:43.40,45.2 1 3065
github.com/getlantern/flashlight/balancer/stats.go:15.42,20.2 4 28
github.com/getlantern/flashlight/balancer/strategy.go:11.43,12.68 1 3
github.com/getlantern/flashlight/balancer/strategy.go:12.68,15.3 1 6003
github.com/getlantern/flashlight/balancer/strategy.go:20.43,21.68 1 50
github.com/getlantern/flashlight/balancer/strategy.go:21.68,25.3 3 22
github.com/getlantern/flashlight/balancer/strategy.go:29.44,30.68 1 1
github.com/getlantern/flashlight/balancer/strategy.go:30.68,32.3 1 3
github.com/getlantern/flashlight/balancer/strategy.go:37.49,38.68 1 2
github.com/getlantern/flashlight/balancer/strategy.go:38.68,42.23 4 2
github.com/getlantern/flashlight/balancer/strategy.go:45.3,45.17 1 1
github.com/getlantern/flashlight/balancer/strategy.go:42.23,44.4 1 1
github.com/getlantern/flashlight/balancer/strategy.go:49.42,51.13 2 4
github.com/getlantern/flashlight/balancer/strategy.go:55.2,55.13 1 4
github.com/getlantern/flashlight/balancer/strategy.go:58.2,58.16 1 2
github.com/getlantern/flashlight/balancer/strategy.go:51.13,54.3 1 0
github.com/getlantern/flashlight/balancer/strategy.go:55.13,57.3 1 2
github.com/getlantern/flashlight/balancer/strategy.go:64.52,66.44 2 4
github.com/getlantern/flashlight/balancer/strategy.go:66.44,69.69 3 4
github.com/getlantern/flashlight/balancer/strategy.go:69.69,79.4 8 4
